<?xml version="1.0" encoding="UTF-8"?>
<!-- Generated by org.testng.reporters.JUnitReportReporter -->
<testsuite name="Kiwitech.SafeShowings.Login" tests="1" time="0.062" ignored="0" failures="0" timestamp="01 Aug 2019 17:25:46 GMT" skipped="0" hostname="Princes-MacBook-Air.local" errors="0">
  <testcase name="Test_01" time="0.062" classname="Kiwitech.SafeShowings.Login"/>
</testsuite> <!-- Kiwitech.SafeShowings.Login -->
